# JRE version: OpenJDK Runtime Environment Temurin-16.0.2+7 (16.0.2+7) (build 16.0.2+7)
# Java VM: OpenJDK 64-Bit Server VM Temurin-16.0.2+7 (16.0.2+7, mixed mode, sharing, tiered, compressed oops, compressed class ptrs, g1 gc, linux-amd64)
GC Precious Log:
 CPUs: 4 total, 4 available
 Memory: 7836M
 Large Page Support: Disabled
 NUMA Support: Disabled
 Compressed Oops: Enabled (32-bit)
 Heap Region Size: 1M
 Heap Min Capacity: 8M
 Heap Initial Capacity: 124M
 Heap Max Capacity: 512M
 Pre-touch: Disabled
 Parallel Workers: 4
 Concurrent Workers: 1
 Concurrent Refinement Workers: 4
 Periodic GC: Disabled
Heap:
 garbage-first heap   total 129024K, used 77554K [0x00000000e0000000, 0x0000000100000000)
  region size 1024K, 72 young (73728K), 2 survivors (2048K)
 Metaspace       used 11131K, committed 11456K, reserved 1064960K
  class space    used 1294K, committed 1472K, reserved 1048576K
GC Heap History (20 events):
Event: 69,642 GC heap before
{Heap before GC invocations=7 (full 0):
 garbage-first heap   total 129024K, used 79422K [0x00000000e0000000, 0x0000000100000000)
  region size 1024K, 74 young (75776K), 3 survivors (3072K)
 Metaspace       used 11125K, committed 11456K, reserved 1064960K
  class space    used 1294K, committed 1472K, reserved 1048576K
}
Event: 69,646 GC heap after
{Heap after GC invocations=8 (full 0):
 garbage-first heap   total 129024K, used 6717K [0x00000000e0000000, 0x0000000100000000)
  region size 1024K, 3 young (3072K), 3 survivors (3072K)
 Metaspace       used 11125K, committed 11456K, reserved 1064960K
  class space    used 1294K, committed 1472K, reserved 1048576K
}
Event: 76,632 GC heap before
{Heap before GC invocations=8 (full 0):
 garbage-first heap   total 129024K, used 79421K [0x00000000e0000000, 0x0000000100000000)
  region size 1024K, 74 young (75776K), 3 survivors (3072K)
 Metaspace       used 11125K, committed 11456K, reserved 1064960K
  class space    used 1294K, committed 1472K, reserved 1048576K
}
Event: 76,636 GC heap after
{Heap after GC invocations=9 (full 0):
 garbage-first heap   total 129024K, used 6820K [0x00000000e0000000, 0x0000000100000000)
  region size 1024K, 3 young (3072K), 3 survivors (3072K)
 Metaspace       used 11125K, committed 11456K, reserved 1064960K
  class space    used 1294K, committed 1472K, reserved 1048576K
}
Event: 82,755 GC heap before
{Heap before GC invocations=9 (full 0):
 garbage-first heap   total 129024K, used 79524K [0x00000000e0000000, 0x0000000100000000)
  region size 1024K, 74 young (75776K), 3 survivors (3072K)
 Metaspace       used 11125K, committed 11456K, reserved 1064960K
  class space    used 1294K, committed 1472K, reserved 1048576K
}
Event: 82,759 GC heap after
{Heap after GC invocations=10 (full 0):
 garbage-first heap   total 129024K, used 6821K [0x00000000e0000000, 0x0000000100000000)
  region size 1024K, 3 young (3072K), 3 survivors (3072K)
 Metaspace       used 11125K, committed 11456K, reserved 1064960K
  class space    used 1294K, committed 1472K, reserved 1048576K
}
Event: 88,858 GC heap before
{Heap before GC invocations=10 (full 0):
 garbage-first heap   total 129024K, used 79525K [0x00000000e0000000, 0x0000000100000000)
  region size 1024K, 74 young (75776K), 3 survivors (3072K)
 Metaspace       used 11125K, committed 11456K, reserved 1064960K
  class space    used 1294K, committed 1472K, reserved 1048576K
}
Event: 88,863 GC heap after
{Heap after GC invocations=11 (full 0):
 garbage-first heap   total 129024K, used 6821K [0x00000000e0000000, 0x0000000100000000)
  region size 1024K, 3 young (3072K), 3 survivors (3072K)
 Metaspace       used 11125K, committed 11456K, reserved 1064960K
  class space    used 1294K, committed 1472K, reserved 1048576K
}
Event: 95,107 GC heap before
{Heap before GC invocations=11 (full 0):
 garbage-first heap   total 129024K, used 79525K [0x00000000e0000000, 0x0000000100000000)
  region size 1024K, 74 young (75776K), 3 survivors (3072K)
 Metaspace       used 11127K, committed 11456K, reserved 1064960K
  class space    used 1294K, committed 1472K, reserved 1048576K
}
Event: 95,111 GC heap after
{Heap after GC invocations=12 (full 0):
 garbage-first heap   total 129024K, used 6827K [0x00000000e0000000, 0x0000000100000000)
  region size 1024K, 3 young (3072K), 3 survivors (3072K)
 Metaspace       used 11127K, committed 11456K, reserved 1064960K
  class space    used 1294K, committed 1472K, reserved 1048576K
}
Event: 101,420 GC heap before
{Heap before GC invocations=12 (full 0):
 garbage-first heap   total 129024K, used 79531K [0x00000000e0000000, 0x0000000100000000)
  region size 1024K, 74 young (75776K), 3 survivors (3072K)
 Metaspace       used 11128K, committed 11456K, reserved 1064960K
  class space    used 1294K, committed 1472K, reserved 1048576K
}
Event: 101,425 GC heap after
{Heap after GC invocations=13 (full 0):
 garbage-first heap   total 129024K, used 6719K [0x00000000e0000000, 0x0000000100000000)
  region size 1024K, 3 young (3072K), 3 survivors (3072K)
 Metaspace       used 11128K, committed 11456K, reserved 1064960K
  class space    used 1294K, committed 1472K, reserved 1048576K
}
Event: 108,781 GC heap before
{Heap before GC invocations=13 (full 0):
 garbage-first heap   total 129024K, used 79423K [0x00000000e0000000, 0x0000000100000000)
  region size 1024K, 74 young (75776K), 3 survivors (3072K)
 Metaspace       used 11128K, committed 11456K, reserved 1064960K
  class space    used 1294K, committed 1472K, reserved 1048576K
}
Event: 108,785 GC heap after
{Heap after GC invocations=14 (full 0):
 garbage-first heap   total 129024K, used 6820K [0x00000000e0000000, 0x0000000100000000)
  region size 1024K, 3 young (3072K), 3 survivors (3072K)
 Metaspace       used 11128K, committed 11456K, reserved 1064960K
  class space    used 1294K, committed 1472K, reserved 1048576K
}
Event: 115,255 GC heap before
{Heap before GC invocations=14 (full 0):
 garbage-first heap   total 129024K, used 79524K [0x00000000e0000000, 0x0000000100000000)
  region size 1024K, 74 young (75776K), 3 survivors (3072K)
 Metaspace       used 11128K, committed 11456K, reserved 1064960K
  class space    used 1294K, committed 1472K, reserved 1048576K
}
Event: 115,260 GC heap after
{Heap after GC invocations=15 (full 0):
 garbage-first heap   total 129024K, used 6820K [0x00000000e0000000, 0x0000000100000000)
  region size 1024K, 3 young (3072K), 3 survivors (3072K)
 Metaspace       used 11128K, committed 11456K, reserved 1064960K
  class space    used 1294K, committed 1472K, reserved 1048576K
}
Event: 121,457 GC heap before
{Heap before GC invocations=15 (full 0):
 garbage-first heap   total 129024K, used 79524K [0x00000000e0000000, 0x0000000100000000)
  region size 1024K, 74 young (75776K), 3 survivors (3072K)
 Metaspace       used 11128K, committed 11456K, reserved 1064960K
  class space    used 1294K, committed 1472K, reserved 1048576K
}
Event: 121,463 GC heap after
{Heap after GC invocations=16 (full 0):
 garbage-first heap   total 129024K, used 6820K [0x00000000e0000000, 0x0000000100000000)
  region size 1024K, 3 young (3072K), 3 survivors (3072K)
 Metaspace       used 11128K, committed 11456K, reserved 1064960K
  class space    used 1294K, committed 1472K, reserved 1048576K
}
Event: 128,284 GC heap before
{Heap before GC invocations=16 (full 0):
 garbage-first heap   total 129024K, used 79524K [0x00000000e0000000, 0x0000000100000000)
  region size 1024K, 74 young (75776K), 3 survivors (3072K)
 Metaspace       used 11128K, committed 11456K, reserved 1064960K
  class space    used 1294K, committed 1472K, reserved 1048576K
}
Event: 128,296 GC heap after
{Heap after GC invocations=17 (full 0):
 garbage-first heap   total 129024K, used 6898K [0x00000000e0000000, 0x0000000100000000)
  region size 1024K, 2 young (2048K), 2 survivors (2048K)
 Metaspace       used 11128K, committed 11456K, reserved 1064960K
  class space    used 1294K, committed 1472K, reserved 1048576K
}

